<?xml version="1.0" encoding="UTF-8"?>
<testng-results skipped="0" failed="0" total="2" passed="2">
  <reporter-output>
  </reporter-output>
  <suite name="Suite" duration-ms="1375" started-at="2016-09-22T16:02:12Z" finished-at="2016-09-22T16:02:13Z">
    <groups>
    </groups>
    <test name="Test" duration-ms="1375" started-at="2016-09-22T16:02:12Z" finished-at="2016-09-22T16:02:13Z">
      <class name="cz.ivantichy.httpapi.handlers.certapi.tun_basic.CreateServerTUNBasicImplTest">
        <test-method status="PASS" signature="test()[pri:0, instance:cz.ivantichy.httpapi.handlers.certapi.tun_basic.CreateServerTUNBasicImplTest@3419866c]" name="test" duration-ms="1036" started-at="2016-09-22T16:02:12Z" finished-at="2016-09-22T16:02:13Z">
          <reporter-output>
          </reporter-output>
        </test-method> <!-- test -->
        <test-method status="PASS" signature="test2()[pri:0, instance:cz.ivantichy.httpapi.handlers.certapi.tun_basic.CreateServerTUNBasicImplTest@3419866c]" name="test2" duration-ms="282" started-at="2016-09-22T16:02:13Z" finished-at="2016-09-22T16:02:13Z">
          <reporter-output>
          </reporter-output>
        </test-method> <!-- test2 -->
      </class> <!-- cz.ivantichy.httpapi.handlers.certapi.tun_basic.CreateServerTUNBasicImplTest -->
    </test> <!-- Test -->
  </suite> <!-- Suite -->
</testng-results>
