<?xml version="1.0" encoding="UTF-8"?>
<!-- Generated by org.testng.reporters.JUnitXMLReporter -->
<testsuite hostname="c2d864d3292b" name="Test" tests="7" failures="0" timestamp="25 Oct 2016 20:26:40 GMT" time="3.896" errors="0">
  <testcase name="testName" time="1.446" classname="cz.koncentrator_v2.api.cert.CreateCa.test.CreateCaCERT_TUN_basicImplTest"/>
  <testcase name="testWithFactory" time="0.964" classname="cz.koncentrator_v2.api.cert.CreateCa.test.CreateCaCERT_TUN_basicImplTest"/>
  <testcase name="test" time="0.63" classname="cz.koncentrator_v2.api.cert.GenerateServer.test.GenerateServerCERT_TUN_basicImplTest"/>
  <testcase name="test" time="0.48" classname="cz.koncentrator_v2.api.cert.GenerateProfile.test.GenerateProfileCERT_TUN_basicImplTest"/>
  <testcase name="test" time="0.13" classname="cz.koncentrator_v2.api.cert.common.test.CERTFactoryTest"/>
  <testcase name="test2" time="0.008" classname="cz.koncentrator_v2.api.cert.common.test.CERTFactoryTest"/>
  <testcase name="test3" time="0.135" classname="cz.koncentrator_v2.api.cert.common.test.CERTFactoryTest"/>
</testsuite> <!-- Test -->
