<?xml version="1.0" encoding="UTF-8"?>
<!-- Generated by org.testng.reporters.JUnitXMLReporter -->
<testsuite hostname="8867005c072f" name="Test" tests="6" failures="0" timestamp="11 Oct 2016 15:18:08 GMT" time="3.677" errors="0">
  <testcase name="testName" time="1.62" classname="cz.koncentrator_v2.api.cert.CreateCa.test.CreateCaCERT_TUN_basicImplTest"/>
  <testcase name="testWithFactory" time="0.785" classname="cz.koncentrator_v2.api.cert.CreateCa.test.CreateCaCERT_TUN_basicImplTest"/>
  <testcase name="test" time="0.452" classname="cz.koncentrator_v2.api.cert.GenerateServer.test.GenerateServerCERT_TUN_basicImplTest"/>
  <testcase name="test" time="0.168" classname="cz.koncentrator_v2.api.cert.common.test.CERTFactoryTest"/>
  <testcase name="test2" time="0.279" classname="cz.koncentrator_v2.api.cert.common.test.CERTFactoryTest"/>
  <testcase name="test3" time="0.286" classname="cz.koncentrator_v2.api.cert.common.test.CERTFactoryTest"/>
</testsuite> <!-- Test -->
