<?xml version="1.0" encoding="UTF-8"?>
<!-- Generated by org.testng.reporters.JUnitXMLReporter -->
<testsuite hostname="pc" name="Default test" tests="20" failures="0" timestamp="22 Sep 2016 11:00:19 GMT" time="0.199" errors="0">
  <testcase name="main" time="0.0" classname="cz.ivantichy.support.JSON.test.JSONAddParameter">
    <skipped/>
  </testcase> <!-- main -->
  <testcase name="main" time="0.0" classname="cz.ivantichy.httpapi.handlers.vpnapi.alliance.BlockAllianceAdapterTest">
    <skipped/>
  </testcase> <!-- main -->
  <testcase name="main" time="0.0" classname="cz.ivantichy.httpapi.handlers.vpnapi.CreateProfileAdapterTest">
    <skipped/>
  </testcase> <!-- main -->
  <testcase name="main" time="0.0" classname="cz.ivantichy.supersimple.restapi.handlers.GenerateProfileAdapterTest">
    <skipped/>
  </testcase> <!-- main -->
  <testcase name="main" time="0.0" classname="cz.ivantichy.httpapi.handlers.vpnapi.UpdateProfileAdapterTest">
    <skipped/>
  </testcase> <!-- main -->
  <testcase name="main" time="0.0" classname="cz.ivantichy.httpapi.handlers.certapi.tun_basic.DummyTest">
    <skipped/>
  </testcase> <!-- main -->
  <testcase name="main" time="0.0" classname="cz.ivantichy.httpapi.handlers.vpnapi.UpdateServerAdapterTest">
    <skipped/>
  </testcase> <!-- main -->
  <testcase name="main" time="0.0" classname="cz.ivantichy.httpapi.handlers.vpnapi.DeleteProfileAdapterTest">
    <skipped/>
  </testcase> <!-- main -->
  <testcase name="main" time="0.0" classname="cz.ivantichy.httpapi.handlers.vpnapi.BlockSubVPNAdapterTest">
    <skipped/>
  </testcase> <!-- main -->
  <testcase name="main" time="0.0" classname="cz.ivantichy.httpapi.handlers.vpnapi.DeleteSubVPNAdapterTest">
    <skipped/>
  </testcase> <!-- main -->
  <testcase name="main" time="0.0" classname="cz.ivantichy.supersimple.restapi.handlers.GenerateServerAdapterTest">
    <skipped/>
  </testcase> <!-- main -->
  <testcase name="main" time="0.0" classname="cz.ivantichy.httpapi.handlers.vpnapi.CreateSubVPNAdapterTest2">
    <skipped/>
  </testcase> <!-- main -->
  <testcase name="main" time="0.0" classname="cz.ivantichy.httpapi.handlers.vpnapi.CreateServerAdapterTest">
    <skipped/>
  </testcase> <!-- main -->
  <testcase name="main" time="0.0" classname="cz.ivantichy.httpapi.handlers.vpnapi.CreateSubVPNAdapterTest">
    <skipped/>
  </testcase> <!-- main -->
  <testcase name="main" time="0.0" classname="cz.ivantichy.supersimple.restapi.handlers.DeleteCaAdapterTest">
    <skipped/>
  </testcase> <!-- main -->
  <testcase name="main" time="0.0" classname="cz.ivantichy.httpapi.handlers.certapi.tun_basic.CreateServerTUNBasicImplTest">
    <skipped/>
  </testcase> <!-- main -->
  <testcase name="main" time="0.0" classname="cz.ivantichy.httpapi.handlers.vpnapi.alliance.CreateAllianceAdapterTest">
    <skipped/>
  </testcase> <!-- main -->
  <testcase name="main" time="0.0" classname="cz.ivantichy.httpapi.handlers.vpnapi.BlockProfileAdapterTest">
    <skipped/>
  </testcase> <!-- main -->
  <testcase name="main" time="0.0" classname="cz.ivantichy.supersimple.restapi.handlers.CreateCaAdapterTest">
    <skipped/>
  </testcase> <!-- main -->
  <testcase name="main" time="0.0" classname="cz.ivantichy.httpapi.handlers.vpnapi.alliance.DeleteAllianceAdapterTest">
    <skipped/>
  </testcase> <!-- main -->
</testsuite> <!-- Default test -->
